<?xml version="1.0" encoding="UTF-8"?>
<!-- Generated by org.testng.reporters.JUnitXMLReporter -->
<testsuite ignored="8" hostname="Argano-9P32ZP3" failures="0" tests="2" name="Transactionuptosave" time="72.997" errors="0" timestamp="2023-03-06T16:31:02 IST">
  <testcase classname="Pages.PFL1" name="test1" time="32.611"/>
  <testcase classname="Pages.PFL1" name="test2" time="40.363"/>
  <testcase classname="Pages.PFL1" name="test7" time="0.0">
    <ignored/>
  </testcase> <!-- test7 -->
  <testcase classname="Pages.PFL1" name="test6" time="0.0">
    <ignored/>
  </testcase> <!-- test6 -->
  <testcase classname="Pages.PFL1" name="test9" time="0.0">
    <ignored/>
  </testcase> <!-- test9 -->
  <testcase classname="Pages.PFL1" name="test8" time="0.0">
    <ignored/>
  </testcase> <!-- test8 -->
  <testcase classname="Pages.PFL1" name="test3" time="0.0">
    <ignored/>
  </testcase> <!-- test3 -->
  <testcase classname="Pages.PFL1" name="test5" time="0.0">
    <ignored/>
  </testcase> <!-- test5 -->
  <testcase classname="Pages.PFL1" name="test4" time="0.0">
    <ignored/>
  </testcase> <!-- test4 -->
  <testcase classname="Pages.PFL1" name="test10" time="0.0">
    <ignored/>
  </testcase> <!-- test10 -->
</testsuite> <!-- Transactionuptosave -->
