<?xml version="1.0" encoding="UTF-8"?>
<!-- Generated by org.testng.reporters.JUnitXMLReporter -->
<testsuite ignored="1" hostname="Argano-9P32ZP3" failures="0" tests="1" name="Default test" time="273.315" errors="0" timestamp="2023-05-19T14:35:38 IST">
  <testcase classname="Pages.PFL_CPQ_to_WEBCENTER" name="webcenterUploadWorkingFile" time="273.284"/>
  <testcase classname="Pages.PFL_CPQ_to_WEBCENTER" name="LoginCreatNewQuote" time="0.0">
    <ignored/>
  </testcase> <!-- LoginCreatNewQuote -->
</testsuite> <!-- Default test -->
