<?xml version="1.0" encoding="UTF-8"?>
<testng-results ignored="0" total="1" passed="1" failed="0" skipped="0">
  <reporter-output>
  </reporter-output>
  <suite started-at="2023-05-15T11:51:30 IST" name="Default suite" finished-at="2023-05-15T11:51:41 IST" duration-ms="10682">
    <groups>
    </groups>
    <test started-at="2023-05-15T11:51:30 IST" name="Default test" finished-at="2023-05-15T11:51:41 IST" duration-ms="10682">
      <class name="com.keste.testcases.sample">
        <test-method signature="runthetest()[pri:0, instance:com.keste.testcases.sample@550ee7e5]" started-at="2023-05-15T11:51:30 IST" name="runthetest" finished-at="2023-05-15T11:51:41 IST" duration-ms="10654" status="PASS">
          <reporter-output>
          </reporter-output>
        </test-method> <!-- runthetest -->
      </class> <!-- com.keste.testcases.sample -->
    </test> <!-- Default test -->
  </suite> <!-- Default suite -->
</testng-results>
